C51 COMPILER V9.54   MAIN                                                                  05/05/2022 12:05:02 PAGE 1   


C51 COMPILER V9.54, COMPILATION OF MODULE MAIN
OBJECT MODULE PLACED IN main.OBJ
COMPILER INVOKED BY: D:\Keil\C51\BIN\C51.EXE main.c OPTIMIZE(8,SPEED) BROWSE DEBUG OBJECTEXTEND TABS(2)

line level    source

   1          #include <iic.h>
   2          
   3          unsigned char result = 0xff;
   4          
   5          void main()
   6          {
   7   1        Recognition_Init();
   8   1        while (1)
   9   1        {
  10   2          result = I2C_BufferRead(ASR_RESULT);
  11   2          if (result == 1)
  12   2          {
  13   3            led1 = 0;
  14   3          }
  15   2          else if (result == 2)
  16   2          {
  17   3            led2 = 0;
  18   3          }
  19   2          else if (result == 3)
  20   2          {
  21   3            led3 = 0;
  22   3          }
  23   2          else if (result == 4)
  24   2          {
  25   3            led4 = 0;
  26   3          }
  27   2          else if (result == 5)
  28   2          {
  29   3            led5 = 0;
  30   3          }
  31   2          else if (result == 9)
  32   2          {
  33   3            led1 = 1;
  34   3          }
  35   2          delay(500);
  36   2        }
  37   1      }


MODULE INFORMATION:   STATIC OVERLAYABLE
   CODE SIZE        =     71    ----
   CONSTANT SIZE    =   ----    ----
   XDATA SIZE       =   ----    ----
   PDATA SIZE       =   ----    ----
   DATA SIZE        =      1    ----
   IDATA SIZE       =   ----    ----
   BIT SIZE         =   ----    ----
END OF MODULE INFORMATION.


C51 COMPILATION COMPLETE.  0 WARNING(S),  0 ERROR(S)
