C51 COMPILER V9.54   KEY                                                                   04/18/2022 21:03:01 PAGE 1   


C51 COMPILER V9.54, COMPILATION OF MODULE KEY
OBJECT MODULE PLACED IN .\Objects\key.obj
COMPILER INVOKED BY: D:\Keil\C51\BIN\C51.EXE key.c OPTIMIZE(8,SPEED) BROWSE DEBUG OBJECTEXTEND PRINT(.\Listings\key.lst)
                    - TABS(2) OBJECT(.\Objects\key.obj)

line level    source

   1          #include <key.h>
   2          
   3          unsigned char Key_Read_BTN(void)
   4          {
   5   1        unsigned char Key_Value;
   6   1        if(k1 == 0) Key_Value = 1;
   7   1        else if(k2 == 0) Key_Value = 2;
   8   1        else if(k3 == 0) Key_Value = 3;
   9   1        else if(k4 == 0) Key_Value = 4;
  10   1        else if(k5 == 0) Key_Value = 5;
  11   1        else if(k6 == 0) Key_Value = 6;
  12   1        
  13   1        else Key_Value = 0;
  14   1        
  15   1        return Key_Value;
  16   1      }


MODULE INFORMATION:   STATIC OVERLAYABLE
   CODE SIZE        =     45    ----
   CONSTANT SIZE    =   ----    ----
   XDATA SIZE       =   ----    ----
   PDATA SIZE       =   ----    ----
   DATA SIZE        =   ----    ----
   IDATA SIZE       =   ----    ----
   BIT SIZE         =   ----    ----
END OF MODULE INFORMATION.


C51 COMPILATION COMPLETE.  0 WARNING(S),  0 ERROR(S)
