C51 COMPILER V9.54   USART                                                                 04/18/2022 20:13:53 PAGE 1   


C51 COMPILER V9.54, COMPILATION OF MODULE USART
OBJECT MODULE PLACED IN .\Objects\usart.obj
COMPILER INVOKED BY: D:\Keil\C51\BIN\C51.EXE usart.c OPTIMIZE(8,SPEED) BROWSE DEBUG OBJECTEXTEND PRINT(.\Listings\usart.
                    -lst) TABS(2) OBJECT(.\Objects\usart.obj)

line level    source

   1          #include <usart.h>
   2          
   3          void Uart_init(void)
   4          {
   5   1        SCON = 0x50; //设定串口工作方式0101 0000
   6   1        PCON = 0x00;
   7   1        TMOD = 0x20;
   8   1        EA = 1;
   9   1        ES = 1;
  10   1        TL1 = 0xfd; //波特率4800
  11   1        TH1 = 0xfd;
  12   1        TR1 = 1;
  13   1      }
  14          
  15          void UART_send_byte(unsigned char dat)
  16          {
  17   1        SBUF = dat; //把数据放到SBUF中
  18   1        while (TI == 0)
  19   1          ; //未发送完毕就等待
  20   1        TI = 0; //发送完毕后，要把TI重新置0
  21   1      }
  22          
  23          /*发送一个字符串*/
  24          void UART_send_string(unsigned char *buf)
  25          {
  26   1        while (*buf != '\0')
  27   1        {
  28   2          UART_send_byte(*buf++);
  29   2        }
  30   1      }


MODULE INFORMATION:   STATIC OVERLAYABLE
   CODE SIZE        =     67    ----
   CONSTANT SIZE    =   ----    ----
   XDATA SIZE       =   ----    ----
   PDATA SIZE       =   ----    ----
   DATA SIZE        =   ----       3
   IDATA SIZE       =   ----    ----
   BIT SIZE         =   ----    ----
END OF MODULE INFORMATION.


C51 COMPILATION COMPLETE.  0 WARNING(S),  0 ERROR(S)
