C51 COMPILER V9.54   MAIN                                                                  04/16/2022 18:38:39 PAGE 1   


C51 COMPILER V9.54, COMPILATION OF MODULE MAIN
OBJECT MODULE PLACED IN .\Objects\main.obj
COMPILER INVOKED BY: D:\Keil\C51\BIN\C51.EXE main.c OPTIMIZE(8,SPEED) BROWSE DEBUG OBJECTEXTEND PRINT(.\Listings\main.ls
                    -t) TABS(2) OBJECT(.\Objects\main.obj)

line level    source

   1          #include <reg52.h>
   2          #include <intrins.h>
   3          #include <key.h>
   4          
   5          //控制线黑线接5V，红线接步进电机驱动的控制引脚
   6          
   7          sbit lock1 = P1^0;
   8          
   9          void Key_Pros();
  10          unsigned char Key_Value,Key_Old,Key_Down;
  11          unsigned int Key_Slow_Down;
  12          
  13          //void Timer0Init(void)   //1毫秒@11.0592MHz
  14          //{
  15          //  TMOD &= 0xF0;   //设置定时器模式
  16          //  TL0 = 0xCD;   //设置定时初始值
  17          //  TH0 = 0xD4;   //设置定时初始值
  18          //  TF0 = 0;    //清除TF0标志
  19          //  TR0 = 1;    //定时器0开始计时
  20          //  
  21          //  EA = 1;
  22          //  ET0 = 1;
  23          //}
  24          
  25          
  26          void Delay500ms()   //@12.000MHz
  27          {
  28   1        unsigned char i, j, k;
  29   1      
  30   1        _nop_();
  31   1        _nop_();
  32   1        i = 23;
  33   1        j = 205;
  34   1        k = 120;
  35   1        do
  36   1        {
  37   2          do
  38   2          {
  39   3            while (--k);
  40   3          } while (--j);
  41   2        } while (--i);
  42   1      }
  43          
  44          
  45          void main(void)
  46          {
  47   1        lock1 = 1;
  48   1      //  Timer0Init();
  49   1        while (1)
  50   1        {
  51   2          Key_Pros();
  52   2        }
  53   1      }
  54          
C51 COMPILER V9.54   MAIN                                                                  04/16/2022 18:38:39 PAGE 2   

  55          void Key_Pros(void)
  56          {
  57   1      //  if(Key_Slow_Down) return;
  58   1      //  Key_Slow_Down = 1;
  59   1        
  60   1        Key_Value = Key_Read_BTN();
  61   1        Key_Down = Key_Value & (Key_Old ^ Key_Value);
  62   1        Key_Old = Key_Value;
  63   1        
  64   1        if(Key_Down == 1)
  65   1        {
  66   2          lock1 = 1;Delay500ms();
  67   2        }
  68   1        else
  69   1        {
  70   2          lock1 = 0;
  71   2        }
  72   1      }
  73          
  74          //void Timer0_Handler(void) interrupt 1
  75          //{
  76          //  if(++Key_Slow_Down == 10) Key_Slow_Down = 0;
  77          //}


MODULE INFORMATION:   STATIC OVERLAYABLE
   CODE SIZE        =     49    ----
   CONSTANT SIZE    =   ----    ----
   XDATA SIZE       =   ----    ----
   PDATA SIZE       =   ----    ----
   DATA SIZE        =      5    ----
   IDATA SIZE       =   ----    ----
   BIT SIZE         =   ----    ----
END OF MODULE INFORMATION.


C51 COMPILATION COMPLETE.  0 WARNING(S),  0 ERROR(S)
