C51 COMPILER V9.54   MAIN                                                                  04/05/2022 21:10:40 PAGE 1   


C51 COMPILER V9.54, COMPILATION OF MODULE MAIN
OBJECT MODULE PLACED IN .\Objects\main.obj
COMPILER INVOKED BY: D:\Keil\C51\BIN\C51.EXE main.c OPTIMIZE(8,SPEED) BROWSE DEBUG OBJECTEXTEND PRINT(.\Listings\main.ls
                    -t) TABS(2) OBJECT(.\Objects\main.obj)

line level    source

   1          #include <reg51.h>
   2          #include <stdio.h>
   3          typedef   unsigned char  uint8;
   4          typedef   unsigned int   uint16;
   5           
   6          uint8 Buf[] = "hello world\n";
   7           
   8          void delay(uint16 n)
   9          {
  10   1        while (n--);
  11   1      }
  12           
  13          /*波特率为9600*/
  14          void UART_init(void)
  15          {
  16   1          SCON = 0x50;        //串口方式1
  17   1       
  18   1          TMOD = 0x20;        // 定时器使用方式2自动重载
  19   1          TH1 = 0xFD;    //9600波特率对应的预设数，定时器方式2下，TH1=TL1
  20   1          TL1 = 0xFD;
  21   1       
  22   1          TR1 = 1;//开启定时器，开始产生波特率
  23   1      }
  24           
  25          /*发送一个字符*/
  26          void UART_send_byte(uint8 dat)
  27          {
  28   1        SBUF = dat;       //把数据放到SBUF中
  29   1        while (TI == 0);//未发送完毕就等待
  30   1        TI = 0;    //发送完毕后，要把TI重新置0
  31   1      }
  32           
  33          /*发送一个字符串*/
  34          void UART_send_string(uint8 *buf)
  35          {
  36   1        while (*buf != '\0')
  37   1        {
  38   2          UART_send_byte(*buf++);
  39   2        }
  40   1      }
  41           
  42          main()
  43          {
  44   1        UART_init();
  45   1        
  46   1        while (1)
  47   1        {
  48   2          UART_send_string(Buf);
  49   2          delay(20000);
  50   2        }
  51   1       
  52   1      }


C51 COMPILER V9.54   MAIN                                                                  04/05/2022 21:10:40 PAGE 2   

MODULE INFORMATION:   STATIC OVERLAYABLE
   CODE SIZE        =     92    ----
   CONSTANT SIZE    =   ----    ----
   XDATA SIZE       =   ----    ----
   PDATA SIZE       =   ----    ----
   DATA SIZE        =     13       3
   IDATA SIZE       =   ----    ----
   BIT SIZE         =   ----    ----
END OF MODULE INFORMATION.


C51 COMPILATION COMPLETE.  0 WARNING(S),  0 ERROR(S)
