C51 COMPILER V9.54   MAIN                                                                  04/16/2022 21:49:28 PAGE 1   


C51 COMPILER V9.54, COMPILATION OF MODULE MAIN
OBJECT MODULE PLACED IN .\Objects\main.obj
COMPILER INVOKED BY: D:\Keil\C51\BIN\C51.EXE main.c OPTIMIZE(8,SPEED) BROWSE INCDIR(..\sys;..\driver) DEBUG OBJECTEXTEND
                    - PRINT(.\Listings\main.lst) TABS(2) OBJECT(.\Objects\main.obj)

line level    source

   1          #include <reg52.h>
   2          #include <Uart.h>
   3          #include <key.h>
   4          #include <iic.h>
   5          #include <Timer.h>
   6          
   7          void Key_Pros(void);
   8          void Uart_Pros(void);
   9          unsigned int Key_Slow_Down;
  10          
  11          unsigned char Key_Value,Key_Down,Key_Old;
  12          
  13          unsigned char buf;
  14          unsigned char Uart_Buf[] = "hello world\n";
  15          unsigned char Uart_Buf_Index;
  16          unsigned char seg_string[];
  17          
  18          void n_delay(unsigned int n)
  19          {
  20   1        while (n--);
  21   1      }
  22          
  23          void main(void)
  24          {
  25   1        Uart_init();
  26   1        Timer0Init();
  27   1        while (1)
  28   1        {
  29   2          Key_Pros();
  30   2        }
  31   1      }
  32          
  33          //串行中断服务函数
  34          
  35          void Uart() interrupt 4
  36          {
  37   1        if(RI)
  38   1        {
  39   2          RI = 0;
  40   2          buf = SBUF; //把收到的信息从SBUF放到buf中。
  41   2          ES = 0; //暂时关闭串口中断
  42   2      
  43   2          switch (buf)
  44   2          {
  45   3          case 0x31:
  46   3            P2 = 0xfe;
  47   3            break; //二进制 0011 0001  十进制 49 控制字符 1  16进制 0X31
  48   3          case 0x32:
  49   3            P2 = 0xfd;
  50   3            break; // 1111 1101
  51   3          case 0x33:
  52   3            P2 = 0xfb;
  53   3            break;
  54   3          case 0x34:
C51 COMPILER V9.54   MAIN                                                                  04/16/2022 21:49:28 PAGE 2   

  55   3            P2 = 0xf7;
  56   3            break;
  57   3          case 0x35:
  58   3            P2 = 0xef;
  59   3            break;
  60   3          case 0x36:
  61   3            P2 = 0xdf;
  62   3            break;
  63   3          }
  64   2          ES = 1; //重新开启串口中断
  65   2          SBUF = buf;
  66   2          while (!TI)
  67   2            ;
  68   2          TI = 0;
  69   2        }
  70   1      }
  71          
  72          
  73          void Key_Pros(void)
  74          {
  75   1        if(Key_Slow_Down) return;
  76   1        Key_Slow_Down = 1;
  77   1        
  78   1        Key_Value = Key_Read_BTN();
  79   1        Key_Down = Key_Value & (Key_Old ^ Key_Value);
  80   1        Key_Old = Key_Value;
  81   1        sprintf(Uart_Buf,"%d",(unsigned int)Uart_Buf_Index);
  82   1        switch (Key_Value)
  83   1        {
  84   2        case 1:
  85   2          P2 = 0xfe;
  86   2          Uart_Buf_Index = 1;
  87   2          Uart_Pros();
  88   2          break;
  89   2        case 2:
  90   2          P2 = 0xfd;
  91   2          Uart_Buf_Index = 2;
  92   2          Uart_Pros();
  93   2          break;
  94   2        case 3:
  95   2          P2 = 0xfb;
  96   2          Uart_Buf_Index = 3;
  97   2          Uart_Pros();
  98   2          break;
  99   2        case 4:
 100   2          P2 = 0xf7;
 101   2          Uart_Buf_Index = 4;
 102   2          Uart_Pros();
 103   2          break;
 104   2        }
 105   1      }
 106          
 107          void Uart_Pros()
 108          {
 109   1        UART_send_string(Uart_Buf);
 110   1      }
 111          
 112          void Timer0_Handler(void) interrupt 1
 113          {
 114   1        if(++Key_Slow_Down == 10) Key_Slow_Down = 0;
 115   1      }

C51 COMPILER V9.54   MAIN                                                                  04/16/2022 21:49:28 PAGE 3   


MODULE INFORMATION:   STATIC OVERLAYABLE
   CODE SIZE        =    235    ----
   CONSTANT SIZE    =      3    ----
   XDATA SIZE       =   ----    ----
   PDATA SIZE       =   ----    ----
   DATA SIZE        =     20    ----
   IDATA SIZE       =   ----    ----
   BIT SIZE         =   ----    ----
END OF MODULE INFORMATION.


C51 COMPILATION COMPLETE.  0 WARNING(S),  0 ERROR(S)
