C51 COMPILER V9.54   UART                                                                  04/16/2022 21:49:30 PAGE 1   


C51 COMPILER V9.54, COMPILATION OF MODULE UART
OBJECT MODULE PLACED IN .\Objects\Uart.obj
COMPILER INVOKED BY: D:\Keil\C51\BIN\C51.EXE ..\sys\Uart.c OPTIMIZE(8,SPEED) BROWSE INCDIR(..\sys;..\driver) DEBUG OBJEC
                    -TEXTEND PRINT(.\Listings\Uart.lst) TABS(2) OBJECT(.\Objects\Uart.obj)

line level    source

   1          #include <Uart.h>
   2          
   3          void Uart_init(void)
   4          {
   5   1        SCON=0x50;//设定串口工作方式0101 0000
   6   1        PCON=0x00;
   7   1        TMOD=0x20; 
   8   1        EA=1;
   9   1        ES=1;
  10   1        TL1=0xfd;//波特率4800
  11   1        TH1=0xfd;
  12   1        TR1=1;
  13   1      }
  14          
  15          //void Uart_Send_Byte(unsigned char Byte)
  16          //{
  17          //  SBUF = Byte;       //把数据放到SBUF中
  18          //  while (TI == 0);//未发送完毕就等待
  19          //  TI = 0;    //发送完毕后，要把TI重新置0
  20          //}
  21          
  22          //void Uart_Send_String(unsigned char *Uart_String)
  23          //{
  24          //  while(*Uart_String != '\0')
  25          //  {
  26          //    Uart_Send_Byte(*Uart_String++);
  27          //  }
  28          //}
  29          
  30          void UART_send_byte(unsigned char dat)
  31          {
  32   1        SBUF = dat;       //把数据放到SBUF中
  33   1        while (TI == 0);//未发送完毕就等待
  34   1        TI = 0;    //发送完毕后，要把TI重新置0
  35   1      }
  36           
  37          /*发送一个字符串*/
  38          void UART_send_string(unsigned char *buf)
  39          {
  40   1        while (*buf != '\0')
  41   1        {
  42   2          UART_send_byte(*buf++);
  43   2        }
  44   1      }


MODULE INFORMATION:   STATIC OVERLAYABLE
   CODE SIZE        =     67    ----
   CONSTANT SIZE    =   ----    ----
   XDATA SIZE       =   ----    ----
   PDATA SIZE       =   ----    ----
   DATA SIZE        =   ----       3
   IDATA SIZE       =   ----    ----
   BIT SIZE         =   ----    ----
C51 COMPILER V9.54   UART                                                                  04/16/2022 21:49:30 PAGE 2   

END OF MODULE INFORMATION.


C51 COMPILATION COMPLETE.  0 WARNING(S),  0 ERROR(S)
