C51 COMPILER V9.54   USART                                                                 04/05/2022 16:02:04 PAGE 1   


C51 COMPILER V9.54, COMPILATION OF MODULE USART
OBJECT MODULE PLACED IN .\Objects\usart.obj
COMPILER INVOKED BY: D:\Keil\C51\BIN\C51.EXE ..\sys\usart.c OPTIMIZE(8,SPEED) BROWSE INCDIR(..\sys;..\driver) DEBUG OBJE
                    -CTEXTEND PRINT(.\Listings\usart.lst) TABS(2) OBJECT(.\Objects\usart.obj)

line level    source

   1          #include <usart.h>
   2          
   3          void usart_init(void)
   4          {
   5   1        SCON = 0X50; //设置为工作方式1
   6   1        TMOD = 0X20; //设置计数器工作方式2
   7   1        PCON = 0X80; //波特率加倍
   8   1        TH1 = 0XF3;  //计数器初始值设置，注意波特率是4800的
   9   1        TL1 = 0XF3;
  10   1      
  11   1        ES = 1;  //打开接收中断
  12   1        EA = 1;  //打开总中断
  13   1        TR1 = 1; //打开计数器
  14   1      }
  15          
  16          void Uart_Send_Stirng(unsigned char *Uart_String)
  17          {
  18   1        while(*Uart_Stirng != '\0')
*** ERROR C202 IN LINE 18 OF ..\sys\usart.c: 'Uart_Stirng': undefined identifier
  19   1        {
  20   2          SBUF = Uart_String;
  21   2          while(TI == 0);
  22   2          TI = 0;
  23   2          Uart_String++;
  24   2        }
  25   1      }

C51 COMPILATION COMPLETE.  0 WARNING(S),  1 ERROR(S)
