C51 COMPILER V9.54   DELAY                                                                 03/15/2022 14:07:04 PAGE 1   


C51 COMPILER V9.54, COMPILATION OF MODULE DELAY
OBJECT MODULE PLACED IN .\Objects\delay.obj
COMPILER INVOKED BY: D:\Keil\C51\BIN\C51.EXE ..\sys\delay.c OPTIMIZE(8,SPEED) BROWSE INCDIR(..\sys;..\driver) DEBUG OBJE
                    -CTEXTEND PRINT(.\Listings\delay.lst) TABS(2) OBJECT(.\Objects\delay.obj)

line level    source

   1          #include <delay.h>
   2          
   3          //ºÁÃë¼¶ÑÓÊ±º¯Êý
   4          void delay_ms(unsigned int num)
   5          {
   6   1        int i, j;
   7   1        for (i = num; i > 0; i--)
   8   1        {
   9   2          for (j = 114; j > 0; j--)
  10   2          {
  11   3          }
  12   2        }
  13   1      }


MODULE INFORMATION:   STATIC OVERLAYABLE
   CODE SIZE        =     32    ----
   CONSTANT SIZE    =   ----    ----
   XDATA SIZE       =   ----    ----
   PDATA SIZE       =   ----    ----
   DATA SIZE        =   ----    ----
   IDATA SIZE       =   ----    ----
   BIT SIZE         =   ----    ----
END OF MODULE INFORMATION.


C51 COMPILATION COMPLETE.  0 WARNING(S),  0 ERROR(S)
